Spark Command: /usr/lib/jvm/java-8-openjdk-amd64/jre/bin/java -cp /home/congding/newspark/conf/:/home/congding/newspark/assembly/target/scala-2.11/jars/* -Xmx1g org.apache.spark.deploy.master.Master --host madison --port 7077 --webui-port 8080
========================================
20/10/07 03:39:52 WARN Utils: Your hostname, madison resolves to a loopback address: 127.0.1.1; using 128.135.11.26 instead (on interface enp0s25)
20/10/07 03:39:52 WARN Utils: Set SPARK_LOCAL_IP if you need to bind to another address
20/10/07 03:39:53 WARN NativeCodeLoader: Unable to load native-hadoop library for your platform... using builtin-java classes where applicable
20/10/07 03:41:06 WARN Master: Got status update for unknown executor app-20201007034021-0000/0
20/10/07 03:41:50 WARN Master: Got status update for unknown executor app-20201007034108-0001/0
20/10/07 03:42:35 WARN Master: Got status update for unknown executor app-20201007034152-0002/0
20/10/07 03:43:22 WARN Master: Got status update for unknown executor app-20201007034237-0003/0
20/10/07 03:44:06 WARN Master: Got status update for unknown executor app-20201007034324-0004/0
20/10/07 03:44:50 WARN Master: Got status update for unknown executor app-20201007034408-0005/0
20/10/07 03:45:35 WARN Master: Got status update for unknown executor app-20201007034453-0006/0
20/10/07 03:46:18 WARN Master: Got status update for unknown executor app-20201007034537-0007/0
20/10/07 03:47:04 WARN Master: Got status update for unknown executor app-20201007034620-0008/0
20/10/07 03:47:49 WARN Master: Got status update for unknown executor app-20201007034706-0009/0
20/10/07 03:48:35 WARN Master: Got status update for unknown executor app-20201007034751-0010/0
20/10/07 03:49:21 WARN Master: Got status update for unknown executor app-20201007034837-0011/0
20/10/07 03:50:06 WARN Master: Got status update for unknown executor app-20201007034923-0012/0
20/10/07 03:50:52 WARN Master: Got status update for unknown executor app-20201007035008-0013/0
20/10/07 03:51:39 WARN Master: Got status update for unknown executor app-20201007035055-0014/0
20/10/07 03:52:23 WARN Master: Got status update for unknown executor app-20201007035141-0015/0
20/10/07 03:53:11 WARN Master: Got status update for unknown executor app-20201007035226-0016/0
20/10/07 03:53:55 WARN Master: Got status update for unknown executor app-20201007035313-0017/0
20/10/07 03:54:39 WARN Master: Got status update for unknown executor app-20201007035357-0018/0
20/10/07 03:55:24 WARN Master: Got status update for unknown executor app-20201007035441-0019/0
20/10/07 03:56:08 WARN Master: Got status update for unknown executor app-20201007035526-0020/0
20/10/07 03:56:52 WARN Master: Got status update for unknown executor app-20201007035610-0021/0
20/10/07 03:57:39 WARN Master: Got status update for unknown executor app-20201007035654-0022/0
20/10/07 03:58:23 WARN Master: Got status update for unknown executor app-20201007035742-0023/0
20/10/07 03:59:09 WARN Master: Got status update for unknown executor app-20201007035825-0024/0
20/10/07 03:59:57 WARN Master: Got status update for unknown executor app-20201007035911-0025/0
20/10/07 04:00:47 WARN Master: Got status update for unknown executor app-20201007035959-0026/0
20/10/07 04:01:32 WARN Master: Got status update for unknown executor app-20201007040049-0027/0
20/10/07 04:02:17 WARN Master: Got status update for unknown executor app-20201007040135-0028/0
20/10/07 04:03:04 WARN Master: Got status update for unknown executor app-20201007040220-0029/0
20/10/07 04:03:50 WARN Master: Got status update for unknown executor app-20201007040306-0030/0
20/10/07 04:04:36 WARN Master: Got status update for unknown executor app-20201007040353-0031/0
20/10/07 04:05:23 WARN Master: Got status update for unknown executor app-20201007040438-0032/0
20/10/07 04:06:09 WARN Master: Got status update for unknown executor app-20201007040525-0033/0
20/10/07 04:06:56 WARN Master: Got status update for unknown executor app-20201007040612-0034/0
20/10/07 04:07:43 WARN Master: Got status update for unknown executor app-20201007040659-0035/0
20/10/07 04:08:31 WARN Master: Got status update for unknown executor app-20201007040745-0036/0
20/10/07 04:09:15 WARN Master: Got status update for unknown executor app-20201007040833-0037/0
20/10/07 04:09:59 WARN Master: Got status update for unknown executor app-20201007040917-0038/0
20/10/07 04:10:47 WARN Master: Got status update for unknown executor app-20201007041001-0039/0
20/10/07 04:11:33 WARN Master: Got status update for unknown executor app-20201007041048-0040/0
20/10/07 04:12:17 WARN Master: Got status update for unknown executor app-20201007041135-0041/0
20/10/07 04:13:00 WARN Master: Got status update for unknown executor app-20201007041219-0042/0
20/10/07 04:13:45 WARN Master: Got status update for unknown executor app-20201007041302-0043/0
20/10/07 04:14:30 WARN Master: Got status update for unknown executor app-20201007041347-0044/0
20/10/07 04:15:13 WARN Master: Got status update for unknown executor app-20201007041432-0045/0
20/10/07 04:15:57 WARN Master: Got status update for unknown executor app-20201007041515-0046/0
20/10/07 04:16:42 WARN Master: Got status update for unknown executor app-20201007041559-0047/0
20/10/07 04:17:24 WARN Master: Got status update for unknown executor app-20201007041644-0048/0
20/10/07 04:18:12 WARN Master: Got status update for unknown executor app-20201007041726-0049/0
20/10/07 04:18:56 WARN Master: Got status update for unknown executor app-20201007041814-0050/0
20/10/07 04:19:48 WARN Master: Got status update for unknown executor app-20201007041858-0051/0
20/10/07 04:20:33 WARN Master: Got status update for unknown executor app-20201007041951-0052/0
20/10/07 04:21:14 WARN Master: Got status update for unknown executor app-20201007042035-0053/0
20/10/07 04:22:02 WARN Master: Got status update for unknown executor app-20201007042116-0054/0
20/10/07 04:22:49 WARN Master: Got status update for unknown executor app-20201007042204-0055/0
20/10/07 04:23:34 WARN Master: Got status update for unknown executor app-20201007042251-0056/0
20/10/07 04:24:16 WARN Master: Got status update for unknown executor app-20201007042336-0057/0
20/10/07 04:25:00 WARN Master: Got status update for unknown executor app-20201007042418-0058/0
20/10/07 04:25:44 WARN Master: Got status update for unknown executor app-20201007042503-0059/0
20/10/07 04:26:30 WARN Master: Got status update for unknown executor app-20201007042547-0060/0
20/10/07 04:27:12 WARN Master: Got status update for unknown executor app-20201007042632-0061/0
20/10/07 04:27:57 WARN Master: Got status update for unknown executor app-20201007042714-0062/0
20/10/07 04:28:42 WARN Master: Got status update for unknown executor app-20201007042759-0063/0
20/10/07 04:29:27 WARN Master: Got status update for unknown executor app-20201007042844-0064/0
20/10/07 04:30:13 WARN Master: Got status update for unknown executor app-20201007042929-0065/0
20/10/07 04:30:57 WARN Master: Got status update for unknown executor app-20201007043015-0066/0
20/10/07 04:31:42 WARN Master: Got status update for unknown executor app-20201007043059-0067/0
20/10/07 04:32:24 WARN Master: Got status update for unknown executor app-20201007043144-0068/0
20/10/07 04:33:10 WARN Master: Got status update for unknown executor app-20201007043226-0069/0
20/10/07 04:33:57 WARN Master: Got status update for unknown executor app-20201007043312-0070/0
20/10/07 04:34:42 WARN Master: Got status update for unknown executor app-20201007043359-0071/0
20/10/07 04:35:26 WARN Master: Got status update for unknown executor app-20201007043444-0072/0
20/10/07 04:36:10 WARN Master: Got status update for unknown executor app-20201007043528-0073/0
20/10/07 04:37:09 WARN Master: Got status update for unknown executor app-20201007043612-0074/0
20/10/07 04:37:54 WARN Master: Got status update for unknown executor app-20201007043711-0075/0
20/10/07 04:38:38 WARN Master: Got status update for unknown executor app-20201007043756-0076/0
20/10/07 04:39:23 WARN Master: Got status update for unknown executor app-20201007043840-0077/0
20/10/07 04:40:08 WARN Master: Got status update for unknown executor app-20201007043925-0078/0
20/10/07 04:40:52 WARN Master: Got status update for unknown executor app-20201007044010-0079/0
20/10/07 04:41:39 WARN Master: Got status update for unknown executor app-20201007044054-0080/0
20/10/07 04:42:24 WARN Master: Got status update for unknown executor app-20201007044141-0081/0
20/10/07 04:43:09 WARN Master: Got status update for unknown executor app-20201007044226-0082/0
20/10/07 04:43:55 WARN Master: Got status update for unknown executor app-20201007044312-0083/0
20/10/07 04:44:43 WARN Master: Got status update for unknown executor app-20201007044357-0084/0
20/10/07 04:45:28 WARN Master: Got status update for unknown executor app-20201007044445-0085/0
20/10/07 04:46:13 WARN Master: Got status update for unknown executor app-20201007044530-0086/0
20/10/07 04:46:56 WARN Master: Got status update for unknown executor app-20201007044615-0087/0
20/10/07 04:47:43 WARN Master: Got status update for unknown executor app-20201007044659-0088/0
20/10/07 04:48:41 WARN Master: Got status update for unknown executor app-20201007044746-0089/0
20/10/07 04:49:26 WARN Master: Got status update for unknown executor app-20201007044843-0090/0
20/10/07 04:50:08 WARN Master: Got status update for unknown executor app-20201007044928-0091/0
20/10/07 04:50:54 WARN Master: Got status update for unknown executor app-20201007045010-0092/0
20/10/07 04:51:42 WARN Master: Got status update for unknown executor app-20201007045056-0093/0
20/10/07 04:52:25 WARN Master: Got status update for unknown executor app-20201007045144-0094/0
20/10/07 04:53:11 WARN Master: Got status update for unknown executor app-20201007045228-0095/0
20/10/07 04:53:55 WARN Master: Got status update for unknown executor app-20201007045313-0096/0
20/10/07 04:54:42 WARN Master: Got status update for unknown executor app-20201007045358-0097/0
20/10/07 04:55:28 WARN Master: Got status update for unknown executor app-20201007045444-0098/0
20/10/07 04:56:13 WARN Master: Got status update for unknown executor app-20201007045530-0099/0
20/10/07 04:57:00 WARN Master: Got status update for unknown executor app-20201007045615-0100/0
20/10/07 04:57:45 WARN Master: Got status update for unknown executor app-20201007045702-0101/0
20/10/07 04:58:34 WARN Master: Got status update for unknown executor app-20201007045747-0102/0
20/10/07 04:59:21 WARN Master: Got status update for unknown executor app-20201007045836-0103/0
20/10/07 05:00:07 WARN Master: Got status update for unknown executor app-20201007045923-0104/0
20/10/07 05:00:52 WARN Master: Got status update for unknown executor app-20201007050009-0105/0
20/10/07 05:01:40 WARN Master: Got status update for unknown executor app-20201007050054-0106/0
20/10/07 05:02:36 WARN Master: Got status update for unknown executor app-20201007050143-0107/0
20/10/07 05:03:22 WARN Master: Got status update for unknown executor app-20201007050239-0108/0
20/10/07 05:04:09 WARN Master: Got status update for unknown executor app-20201007050324-0109/0
20/10/07 05:04:54 WARN Master: Got status update for unknown executor app-20201007050412-0110/0
20/10/07 05:05:38 WARN Master: Got status update for unknown executor app-20201007050456-0111/0
20/10/07 05:06:22 WARN Master: Got status update for unknown executor app-20201007050540-0112/0
20/10/07 05:07:05 WARN Master: Got status update for unknown executor app-20201007050625-0113/0
20/10/07 05:08:01 WARN Master: Got status update for unknown executor app-20201007050707-0114/0
20/10/07 05:08:57 WARN Master: Got status update for unknown executor app-20201007050803-0115/0
20/10/07 05:09:42 WARN Master: Got status update for unknown executor app-20201007050859-0116/0
20/10/07 05:10:28 WARN Master: Got status update for unknown executor app-20201007050944-0117/0
20/10/07 05:11:14 WARN Master: Got status update for unknown executor app-20201007051030-0118/0
20/10/07 05:11:59 WARN Master: Got status update for unknown executor app-20201007051116-0119/0
20/10/07 05:12:44 WARN Master: Got status update for unknown executor app-20201007051202-0120/0
20/10/07 05:13:28 WARN Master: Got status update for unknown executor app-20201007051246-0121/0
20/10/07 05:14:21 WARN Master: Got status update for unknown executor app-20201007051330-0122/0
20/10/07 05:15:09 WARN Master: Got status update for unknown executor app-20201007051424-0123/0
20/10/07 05:15:55 WARN Master: Got status update for unknown executor app-20201007051511-0124/0
20/10/07 05:16:40 WARN Master: Got status update for unknown executor app-20201007051557-0125/0
20/10/07 05:17:23 WARN Master: Got status update for unknown executor app-20201007051642-0126/0
20/10/07 05:18:06 WARN Master: Got status update for unknown executor app-20201007051725-0127/0
20/10/07 05:19:04 WARN Master: Got status update for unknown executor app-20201007051809-0128/0
20/10/07 05:19:50 WARN Master: Got status update for unknown executor app-20201007051906-0129/0
20/10/07 05:20:37 WARN Master: Got status update for unknown executor app-20201007051952-0130/0
20/10/07 05:21:21 WARN Master: Got status update for unknown executor app-20201007052040-0131/0
20/10/07 05:22:07 WARN Master: Got status update for unknown executor app-20201007052124-0132/0
20/10/07 05:22:51 WARN Master: Got status update for unknown executor app-20201007052209-0133/0
20/10/07 05:23:37 WARN Master: Got status update for unknown executor app-20201007052254-0134/0
20/10/07 05:24:23 WARN Master: Got status update for unknown executor app-20201007052339-0135/0
20/10/07 05:25:09 WARN Master: Got status update for unknown executor app-20201007052425-0136/0
20/10/07 05:25:54 WARN Master: Got status update for unknown executor app-20201007052511-0137/0
20/10/07 05:26:43 WARN Master: Got status update for unknown executor app-20201007052556-0138/0
20/10/07 05:27:28 WARN Master: Got status update for unknown executor app-20201007052645-0139/0
20/10/07 05:28:14 WARN Master: Got status update for unknown executor app-20201007052730-0140/0
20/10/07 05:28:59 WARN Master: Got status update for unknown executor app-20201007052816-0141/0
20/10/07 05:29:45 WARN Master: Got status update for unknown executor app-20201007052901-0142/0
20/10/07 05:30:28 WARN Master: Got status update for unknown executor app-20201007052947-0143/0
20/10/07 05:31:12 WARN Master: Got status update for unknown executor app-20201007053030-0144/0
20/10/07 05:31:58 WARN Master: Got status update for unknown executor app-20201007053115-0145/0
20/10/07 05:32:46 WARN Master: Got status update for unknown executor app-20201007053200-0146/0
20/10/07 05:33:33 WARN Master: Got status update for unknown executor app-20201007053248-0147/0
20/10/07 05:34:18 WARN Master: Got status update for unknown executor app-20201007053335-0148/0
20/10/07 05:35:04 WARN Master: Got status update for unknown executor app-20201007053420-0149/0
20/10/07 05:35:50 WARN Master: Got status update for unknown executor app-20201007053507-0150/0
20/10/07 05:36:34 WARN Master: Got status update for unknown executor app-20201007053552-0151/0
20/10/07 05:37:20 WARN Master: Got status update for unknown executor app-20201007053636-0152/0
20/10/07 05:38:05 WARN Master: Got status update for unknown executor app-20201007053722-0153/0
20/10/07 05:38:53 WARN Master: Got status update for unknown executor app-20201007053807-0154/0
20/10/07 05:39:38 WARN Master: Got status update for unknown executor app-20201007053855-0155/0
20/10/07 05:40:27 WARN Master: Got status update for unknown executor app-20201007053941-0156/0
20/10/07 05:41:13 WARN Master: Got status update for unknown executor app-20201007054029-0157/0
20/10/07 05:41:57 WARN Master: Got status update for unknown executor app-20201007054115-0158/0
20/10/07 05:42:41 WARN Master: Got status update for unknown executor app-20201007054200-0159/0
20/10/07 05:43:26 WARN Master: Got status update for unknown executor app-20201007054244-0160/0
20/10/07 05:44:12 WARN Master: Got status update for unknown executor app-20201007054328-0161/0
20/10/07 05:45:02 WARN Master: Got status update for unknown executor app-20201007054415-0162/0
20/10/07 05:45:44 WARN Master: Got status update for unknown executor app-20201007054504-0163/0
20/10/07 05:46:28 WARN Master: Got status update for unknown executor app-20201007054547-0164/0
20/10/07 05:47:12 WARN Master: Got status update for unknown executor app-20201007054630-0165/0
20/10/07 05:47:58 WARN Master: Got status update for unknown executor app-20201007054715-0166/0
20/10/07 05:48:45 WARN Master: Got status update for unknown executor app-20201007054801-0167/0
20/10/07 05:49:33 WARN Master: Got status update for unknown executor app-20201007054848-0168/0
20/10/07 05:50:19 WARN Master: Got status update for unknown executor app-20201007054935-0169/0
20/10/07 05:51:04 WARN Master: Got status update for unknown executor app-20201007055021-0170/0
20/10/07 05:51:46 WARN Master: Got status update for unknown executor app-20201007055107-0171/0
20/10/07 05:52:35 WARN Master: Got status update for unknown executor app-20201007055149-0172/0
20/10/07 05:53:21 WARN Master: Got status update for unknown executor app-20201007055237-0173/0
20/10/07 05:54:09 WARN Master: Got status update for unknown executor app-20201007055323-0174/0
20/10/07 05:54:56 WARN Master: Got status update for unknown executor app-20201007055411-0175/0
20/10/07 05:55:42 WARN Master: Got status update for unknown executor app-20201007055458-0176/0
20/10/07 05:56:26 WARN Master: Got status update for unknown executor app-20201007055544-0177/0
20/10/07 05:57:09 WARN Master: Got status update for unknown executor app-20201007055628-0178/0
20/10/07 05:57:54 WARN Master: Got status update for unknown executor app-20201007055711-0179/0
20/10/07 05:58:49 WARN Master: Got status update for unknown executor app-20201007055756-0180/0
20/10/07 05:59:34 WARN Master: Got status update for unknown executor app-20201007055851-0181/0
20/10/07 06:00:19 WARN Master: Got status update for unknown executor app-20201007055936-0182/0
20/10/07 06:01:08 WARN Master: Got status update for unknown executor app-20201007060021-0183/0
20/10/07 06:01:54 WARN Master: Got status update for unknown executor app-20201007060110-0184/0
20/10/07 06:02:39 WARN Master: Got status update for unknown executor app-20201007060156-0185/0
20/10/07 06:03:24 WARN Master: Got status update for unknown executor app-20201007060241-0186/0
20/10/07 06:04:08 WARN Master: Got status update for unknown executor app-20201007060326-0187/0
20/10/07 06:04:53 WARN Master: Got status update for unknown executor app-20201007060410-0188/0
20/10/07 06:05:49 WARN Master: Got status update for unknown executor app-20201007060455-0189/0
20/10/07 06:06:31 WARN Master: Got status update for unknown executor app-20201007060551-0190/0
20/10/07 06:07:24 WARN Master: Got status update for unknown executor app-20201007060634-0191/0
20/10/07 06:08:10 WARN Master: Got status update for unknown executor app-20201007060726-0192/0
20/10/07 06:08:56 WARN Master: Got status update for unknown executor app-20201007060812-0193/0
20/10/07 06:09:43 WARN Master: Got status update for unknown executor app-20201007060858-0194/0
20/10/07 06:10:29 WARN Master: Got status update for unknown executor app-20201007060946-0195/0
20/10/07 06:11:16 WARN Master: Got status update for unknown executor app-20201007061032-0196/0
20/10/07 06:12:01 WARN Master: Got status update for unknown executor app-20201007061118-0197/0
20/10/07 06:12:46 WARN Master: Got status update for unknown executor app-20201007061203-0198/0
20/10/07 06:13:31 WARN Master: Got status update for unknown executor app-20201007061249-0199/0
20/10/07 06:13:31 ERROR Master: RECEIVED SIGNAL TERM
